23:13:16.209 [32mINFO [m [JavaFX Application Thread] [36mMainApp.start(18)[m - Starting app, Setting up services
23:13:16.215 [32mINFO [m [JavaFX Application Thread] [36mMainApp.start(21)[m - Setting up FXML Scene
23:13:32.631 [30mTRACE[m [pool-3-thread-1] [36mServiceApp.Deadlock(223)[m - Enter
23:13:32.821 [30mTRACE[m [Thread-4] [36mRepoApp.update(36)[m - Enter
23:13:32.821 [30mTRACE[m [Thread-3] [36mRepoApp.update(36)[m - Enter
23:13:34.842 [30mTRACE[m [Thread-4] [36mRepoApp.update(36)[m - Enter
23:13:34.842 [30mTRACE[m [Thread-3] [36mRepoApp.update(36)[m - Enter
23:13:34.865 [1;31mERROR[m [Thread-3] [36mRepoApp.update(43)[m - com.mysql.cj.jdbc.exceptions.MySQLTransactionRollbackException: Deadlock found when trying to get lock; try restarting transaction
23:13:34.866 [1;31mERROR[m [Thread-3] [36mServiceApp.lambda$Deadlock$8(241)[m - Error connecting to database
java.sql.SQLException: com.mysql.cj.jdbc.exceptions.MySQLTransactionRollbackException: Deadlock found when trying to get lock; try restarting transaction
	at Repo.RepoApp.update(RepoApp.java:44)
	at Service.ServiceApp.lambda$Deadlock$8(ServiceApp.java:235)
	at java.base/java.lang.Thread.run(Thread.java:842)
Caused by: com.mysql.cj.jdbc.exceptions.MySQLTransactionRollbackException: Deadlock found when trying to get lock; try restarting transaction
	at com.mysql.cj.jdbc.exceptions.SQLError.createSQLException(SQLError.java:124)
	at com.mysql.cj.jdbc.exceptions.SQLExceptionsMapping.translateException(SQLExceptionsMapping.java:122)
	at com.mysql.cj.jdbc.ClientPreparedStatement.executeInternal(ClientPreparedStatement.java:912)
	at com.mysql.cj.jdbc.ClientPreparedStatement.executeUpdateInternal(ClientPreparedStatement.java:1054)
	at com.mysql.cj.jdbc.ClientPreparedStatement.executeUpdateInternal(ClientPreparedStatement.java:1003)
	at com.mysql.cj.jdbc.ClientPreparedStatement.executeLargeUpdate(ClientPreparedStatement.java:1312)
	at com.mysql.cj.jdbc.ClientPreparedStatement.executeUpdate(ClientPreparedStatement.java:988)
	at Repo.RepoApp.update(RepoApp.java:40)
	... 2 more
